STAGE DEPENDENCIES:
  Stage-1 is a root stage
  Stage-0 depends on stages: Stage-1

STAGE PLANS:
  Stage: Stage-1
    Tez
      DagId: hive_20170626025600_fc7092fc-003b-48f6-8ad7-5e93bc0b3f61:418
      Edges:
        Map 1 <- Map 4 (BROADCAST_EDGE)
        Map 5 <- Reducer 2 (BROADCAST_EDGE), Reducer 3 (BROADCAST_EDGE)
        Reducer 2 <- Map 1 (CUSTOM_SIMPLE_EDGE)
        Reducer 3 <- Map 1 (CUSTOM_SIMPLE_EDGE)
        Reducer 6 <- Map 1 (CUSTOM_SIMPLE_EDGE), Map 10 (BROADCAST_EDGE), Map 5 (CUSTOM_SIMPLE_EDGE), Map 9 (BROADCAST_EDGE)
        Reducer 7 <- Reducer 6 (SIMPLE_EDGE)
        Reducer 8 <- Reducer 7 (SIMPLE_EDGE)
      DagName: query50.sql
      Vertices:
        Map 1 
            Map Operator Tree:
                TableScan
                  alias: store_returns
                  filterExpr: (sr_item_sk is not null and sr_customer_sk is not null and sr_ticket_number is not null) (type: boolean)
                  Statistics: Num rows: 27772807343 Data size: 886857673232 Basic stats: COMPLETE Column stats: COMPLETE
                  Filter Operator
                    predicate: (sr_item_sk is not null and sr_customer_sk is not null and sr_ticket_number is not null) (type: boolean)
                    Statistics: Num rows: 27538787124 Data size: 879384801504 Basic stats: COMPLETE Column stats: COMPLETE
                    Select Operator
                      expressions: sr_item_sk (type: bigint), sr_customer_sk (type: bigint), sr_ticket_number (type: bigint), sr_returned_date_sk (type: bigint)
                      outputColumnNames: _col0, _col1, _col2, _col3
                      Statistics: Num rows: 27538787124 Data size: 879384801504 Basic stats: COMPLETE Column stats: COMPLETE
                      Map Join Operator
                        condition map:
                             Inner Join 0 to 1
                        keys:
                          0 _col3 (type: bigint)
                          1 _col0 (type: bigint)
                        outputColumnNames: _col0, _col1, _col2, _col3
                        input vertices:
                          1 Map 4
                        Statistics: Num rows: 8968553117 Data size: 286993699744 Basic stats: COMPLETE Column stats: COMPLETE
                        Reduce Output Operator
                          key expressions: _col0 (type: bigint), _col1 (type: bigint), _col2 (type: bigint)
                          sort order: +++
                          Map-reduce partition columns: _col0 (type: bigint), _col1 (type: bigint), _col2 (type: bigint)
                          Statistics: Num rows: 8968553117 Data size: 286993699744 Basic stats: COMPLETE Column stats: COMPLETE
                          value expressions: _col3 (type: bigint)
                        Select Operator
                          expressions: _col0 (type: bigint)
                          outputColumnNames: _col0
                          Statistics: Num rows: 8968553117 Data size: 71748424936 Basic stats: COMPLETE Column stats: COMPLETE
                          Group By Operator
                            aggregations: min(_col0), max(_col0), bloom_filter(_col0, expectedEntries=1000000)
                            mode: hash
                            outputColumnNames: _col0, _col1, _col2
                            Statistics: Num rows: 1 Data size: 24 Basic stats: COMPLETE Column stats: COMPLETE
                            Reduce Output Operator
                              sort order: 
                              Statistics: Num rows: 1 Data size: 24 Basic stats: COMPLETE Column stats: COMPLETE
                              value expressions: _col0 (type: bigint), _col1 (type: bigint), _col2 (type: binary)
                        Select Operator
                          expressions: _col1 (type: bigint)
                          outputColumnNames: _col0
                          Statistics: Num rows: 8968553117 Data size: 71748424936 Basic stats: COMPLETE Column stats: COMPLETE
                          Group By Operator
                            aggregations: min(_col0), max(_col0), bloom_filter(_col0, expectedEntries=1994068)
                            mode: hash
                            outputColumnNames: _col0, _col1, _col2
                            Statistics: Num rows: 1 Data size: 24 Basic stats: COMPLETE Column stats: COMPLETE
                            Reduce Output Operator
                              sort order: 
                              Statistics: Num rows: 1 Data size: 24 Basic stats: COMPLETE Column stats: COMPLETE
                              value expressions: _col0 (type: bigint), _col1 (type: bigint), _col2 (type: binary)
            Execution mode: vectorized, llap
            LLAP IO: all inputs
        Map 10 
            Map Operator Tree:
                TableScan
                  alias: store
                  filterExpr: s_store_sk is not null (type: boolean)
                  Statistics: Num rows: 1902 Data size: 1569094 Basic stats: COMPLETE Column stats: COMPLETE
                  Filter Operator
                    predicate: s_store_sk is not null (type: boolean)
                    Statistics: Num rows: 1902 Data size: 1569094 Basic stats: COMPLETE Column stats: COMPLETE
                    Select Operator
                      expressions: s_store_sk (type: bigint), s_store_name (type: string), s_company_id (type: int), s_street_number (type: string), s_street_name (type: string), s_street_type (type: string), s_suite_number (type: string), s_city (type: string), s_county (type: string), s_state (type: string), s_zip (type: string)
                      outputColumnNames: _col0, _col1, _col2, _col3, _col4, _col5, _col6, _col7, _col8, _col9, _col10
                      Statistics: Num rows: 1902 Data size: 1569094 Basic stats: COMPLETE Column stats: COMPLETE
                      Reduce Output Operator
                        key expressions: _col0 (type: bigint)
                        sort order: +
                        Map-reduce partition columns: _col0 (type: bigint)
                        Statistics: Num rows: 1902 Data size: 1569094 Basic stats: COMPLETE Column stats: COMPLETE
                        value expressions: _col1 (type: string), _col2 (type: int), _col3 (type: string), _col4 (type: string), _col5 (type: string), _col6 (type: string), _col7 (type: string), _col8 (type: string), _col9 (type: string), _col10 (type: string)
            Execution mode: vectorized, llap
            LLAP IO: all inputs
        Map 4 
            Map Operator Tree:
                TableScan
                  alias: d2
                  filterExpr: ((d_year = 2000) and (d_moy = 9) and d_date_sk is not null) (type: boolean)
                  Statistics: Num rows: 73049 Data size: 1168784 Basic stats: COMPLETE Column stats: COMPLETE
                  Filter Operator
                    predicate: ((d_year = 2000) and (d_moy = 9) and d_date_sk is not null) (type: boolean)
                    Statistics: Num rows: 652 Data size: 10432 Basic stats: COMPLETE Column stats: COMPLETE
                    Select Operator
                      expressions: d_date_sk (type: bigint)
                      outputColumnNames: _col0
                      Statistics: Num rows: 652 Data size: 10432 Basic stats: COMPLETE Column stats: COMPLETE
                      Reduce Output Operator
                        key expressions: _col0 (type: bigint)
                        sort order: +
                        Map-reduce partition columns: _col0 (type: bigint)
                        Statistics: Num rows: 652 Data size: 10432 Basic stats: COMPLETE Column stats: COMPLETE
                      Select Operator
                        expressions: _col0 (type: bigint)
                        outputColumnNames: _col0
                        Statistics: Num rows: 652 Data size: 10432 Basic stats: COMPLETE Column stats: COMPLETE
                        Group By Operator
                          keys: _col0 (type: bigint)
                          mode: hash
                          outputColumnNames: _col0
                          Statistics: Num rows: 326 Data size: 5216 Basic stats: COMPLETE Column stats: COMPLETE
                          Dynamic Partitioning Event Operator
                            Target column: sr_returned_date_sk (bigint)
                            Target Input: store_returns
                            Partition key expr: sr_returned_date_sk
                            Statistics: Num rows: 326 Data size: 5216 Basic stats: COMPLETE Column stats: COMPLETE
                            Target Vertex: Map 1
            Execution mode: vectorized, llap
            LLAP IO: all inputs
        Map 5 
            Map Operator Tree:
                TableScan
                  alias: store_sales
                  filterExpr: (ss_item_sk is not null and ss_customer_sk is not null and ss_ticket_number is not null and ss_store_sk is not null and (ss_item_sk BETWEEN DynamicValue(RS_18_store_returns_sr_item_sk_min) AND DynamicValue(RS_18_store_returns_sr_item_sk_max) and in_bloom_filter(ss_item_sk, DynamicValue(RS_18_store_returns_sr_item_sk_bloom_filter))) and (ss_customer_sk BETWEEN DynamicValue(RS_18_store_returns_sr_customer_sk_min) AND DynamicValue(RS_18_store_returns_sr_customer_sk_max) and in_bloom_filter(ss_customer_sk, DynamicValue(RS_18_store_returns_sr_customer_sk_bloom_filter)))) (type: boolean)
                  Statistics: Num rows: 275035746821 Data size: 10948484895568 Basic stats: COMPLETE Column stats: COMPLETE
                  Filter Operator
                    predicate: (ss_item_sk is not null and ss_customer_sk is not null and ss_ticket_number is not null and ss_store_sk is not null and (ss_item_sk BETWEEN DynamicValue(RS_18_store_returns_sr_item_sk_min) AND DynamicValue(RS_18_store_returns_sr_item_sk_max) and in_bloom_filter(ss_item_sk, DynamicValue(RS_18_store_returns_sr_item_sk_bloom_filter))) and (ss_customer_sk BETWEEN DynamicValue(RS_18_store_returns_sr_customer_sk_min) AND DynamicValue(RS_18_store_returns_sr_customer_sk_max) and in_bloom_filter(ss_customer_sk, DynamicValue(RS_18_store_returns_sr_customer_sk_bloom_filter)))) (type: boolean)
                    Statistics: Num rows: 268457437199 Data size: 10686618849544 Basic stats: COMPLETE Column stats: COMPLETE
                    Select Operator
                      expressions: ss_item_sk (type: bigint), ss_customer_sk (type: bigint), ss_store_sk (type: bigint), ss_ticket_number (type: bigint), ss_sold_date_sk (type: bigint)
                      outputColumnNames: _col0, _col1, _col2, _col3, _col4
                      Statistics: Num rows: 268457437199 Data size: 10686618849544 Basic stats: COMPLETE Column stats: COMPLETE
                      Reduce Output Operator
                        key expressions: _col0 (type: bigint), _col1 (type: bigint), _col3 (type: bigint)
                        sort order: +++
                        Map-reduce partition columns: _col0 (type: bigint), _col1 (type: bigint), _col3 (type: bigint)
                        Statistics: Num rows: 268457437199 Data size: 10686618849544 Basic stats: COMPLETE Column stats: COMPLETE
                        value expressions: _col2 (type: bigint), _col4 (type: bigint)
            Execution mode: vectorized, llap
            LLAP IO: all inputs
        Map 9 
            Map Operator Tree:
                TableScan
                  alias: d1
                  filterExpr: d_date_sk is not null (type: boolean)
                  Statistics: Num rows: 73049 Data size: 584392 Basic stats: COMPLETE Column stats: COMPLETE
                  Filter Operator
                    predicate: d_date_sk is not null (type: boolean)
                    Statistics: Num rows: 73049 Data size: 584392 Basic stats: COMPLETE Column stats: COMPLETE
                    Select Operator
                      expressions: d_date_sk (type: bigint)
                      outputColumnNames: _col0
                      Statistics: Num rows: 73049 Data size: 584392 Basic stats: COMPLETE Column stats: COMPLETE
                      Reduce Output Operator
                        key expressions: _col0 (type: bigint)
                        sort order: +
                        Map-reduce partition columns: _col0 (type: bigint)
                        Statistics: Num rows: 73049 Data size: 584392 Basic stats: COMPLETE Column stats: COMPLETE
                      Select Operator
                        expressions: _col0 (type: bigint)
                        outputColumnNames: _col0
                        Statistics: Num rows: 73049 Data size: 584392 Basic stats: COMPLETE Column stats: COMPLETE
                        Group By Operator
                          keys: _col0 (type: bigint)
                          mode: hash
                          outputColumnNames: _col0
                          Statistics: Num rows: 36524 Data size: 292192 Basic stats: COMPLETE Column stats: COMPLETE
                          Dynamic Partitioning Event Operator
                            Target column: ss_sold_date_sk (bigint)
                            Target Input: store_sales
                            Partition key expr: ss_sold_date_sk
                            Statistics: Num rows: 36524 Data size: 292192 Basic stats: COMPLETE Column stats: COMPLETE
                            Target Vertex: Map 5
            Execution mode: vectorized, llap
            LLAP IO: all inputs
        Reducer 2 
            Execution mode: vectorized, llap
            Reduce Operator Tree:
              Group By Operator
                aggregations: min(VALUE._col0), max(VALUE._col1), bloom_filter(VALUE._col2, expectedEntries=1000000)
                mode: final
                outputColumnNames: _col0, _col1, _col2
                Statistics: Num rows: 1 Data size: 24 Basic stats: COMPLETE Column stats: COMPLETE
                Reduce Output Operator
                  sort order: 
                  Statistics: Num rows: 1 Data size: 24 Basic stats: COMPLETE Column stats: COMPLETE
                  value expressions: _col0 (type: bigint), _col1 (type: bigint), _col2 (type: binary)
        Reducer 3 
            Execution mode: vectorized, llap
            Reduce Operator Tree:
              Group By Operator
                aggregations: min(VALUE._col0), max(VALUE._col1), bloom_filter(VALUE._col2, expectedEntries=1994068)
                mode: final
                outputColumnNames: _col0, _col1, _col2
                Statistics: Num rows: 1 Data size: 24 Basic stats: COMPLETE Column stats: COMPLETE
                Reduce Output Operator
                  sort order: 
                  Statistics: Num rows: 1 Data size: 24 Basic stats: COMPLETE Column stats: COMPLETE
                  value expressions: _col0 (type: bigint), _col1 (type: bigint), _col2 (type: binary)
        Reducer 6 
            Execution mode: vectorized, llap
            Reduce Operator Tree:
              Map Join Operator
                condition map:
                     Inner Join 0 to 1
                keys:
                  0 KEY.reducesinkkey0 (type: bigint), KEY.reducesinkkey1 (type: bigint), KEY.reducesinkkey2 (type: bigint)
                  1 KEY.reducesinkkey0 (type: bigint), KEY.reducesinkkey1 (type: bigint), KEY.reducesinkkey2 (type: bigint)
                outputColumnNames: _col3, _col9, _col11
                input vertices:
                  0 Map 1
                Statistics: Num rows: 1266093454 Data size: 30386242896 Basic stats: COMPLETE Column stats: COMPLETE
                Map Join Operator
                  condition map:
                       Inner Join 0 to 1
                  keys:
                    0 _col11 (type: bigint)
                    1 _col0 (type: bigint)
                  outputColumnNames: _col3, _col9, _col11
                  input vertices:
                    1 Map 9
                  Statistics: Num rows: 1266093454 Data size: 30386242896 Basic stats: COMPLETE Column stats: COMPLETE
                  Map Join Operator
                    condition map:
                         Inner Join 0 to 1
                    keys:
                      0 _col9 (type: bigint)
                      1 _col0 (type: bigint)
                    outputColumnNames: _col3, _col11, _col14, _col15, _col16, _col17, _col18, _col19, _col20, _col21, _col22, _col23
                    input vertices:
                      1 Map 10
                    Statistics: Num rows: 1266093454 Data size: 1054655847182 Basic stats: COMPLETE Column stats: COMPLETE
                    Select Operator
                      expressions: _col14 (type: string), _col15 (type: int), _col16 (type: string), _col17 (type: string), _col18 (type: string), _col19 (type: string), _col20 (type: string), _col21 (type: string), _col22 (type: string), _col23 (type: string), CASE WHEN (((_col3 - _col11) <= 30)) THEN (1) ELSE (0) END (type: int), CASE WHEN ((((_col3 - _col11) > 30) and ((_col3 - _col11) <= 60))) THEN (1) ELSE (0) END (type: int), CASE WHEN ((((_col3 - _col11) > 60) and ((_col3 - _col11) <= 90))) THEN (1) ELSE (0) END (type: int), CASE WHEN ((((_col3 - _col11) > 90) and ((_col3 - _col11) <= 120))) THEN (1) ELSE (0) END (type: int), CASE WHEN (((_col3 - _col11) > 120)) THEN (1) ELSE (0) END (type: int)
                      outputColumnNames: _col0, _col1, _col2, _col3, _col4, _col5, _col6, _col7, _col8, _col9, _col10, _col11, _col12, _col13, _col14
                      Statistics: Num rows: 1266093454 Data size: 1054655847182 Basic stats: COMPLETE Column stats: COMPLETE
                      Group By Operator
                        aggregations: sum(_col10), sum(_col11), sum(_col12), sum(_col13), sum(_col14)
                        keys: _col0 (type: string), _col1 (type: int), _col2 (type: string), _col3 (type: string), _col4 (type: string), _col5 (type: string), _col6 (type: string), _col7 (type: string), _col8 (type: string), _col9 (type: string)
                        mode: hash
                        outputColumnNames: _col0, _col1, _col2, _col3, _col4, _col5, _col6, _col7, _col8, _col9, _col10, _col11, _col12, _col13, _col14
                        Statistics: Num rows: 1266093454 Data size: 1085042090078 Basic stats: COMPLETE Column stats: COMPLETE
                        Reduce Output Operator
                          key expressions: _col0 (type: string), _col1 (type: int), _col2 (type: string), _col3 (type: string), _col4 (type: string), _col5 (type: string), _col6 (type: string), _col7 (type: string), _col8 (type: string), _col9 (type: string)
                          sort order: ++++++++++
                          Map-reduce partition columns: _col0 (type: string), _col1 (type: int), _col2 (type: string), _col3 (type: string), _col4 (type: string), _col5 (type: string), _col6 (type: string), _col7 (type: string), _col8 (type: string), _col9 (type: string)
                          Statistics: Num rows: 1266093454 Data size: 1085042090078 Basic stats: COMPLETE Column stats: COMPLETE
                          TopN Hash Memory Usage: 0.04
                          value expressions: _col10 (type: bigint), _col11 (type: bigint), _col12 (type: bigint), _col13 (type: bigint), _col14 (type: bigint)
        Reducer 7 
            Execution mode: vectorized, llap
            Reduce Operator Tree:
              Group By Operator
                aggregations: sum(VALUE._col0), sum(VALUE._col1), sum(VALUE._col2), sum(VALUE._col3), sum(VALUE._col4)
                keys: KEY._col0 (type: string), KEY._col1 (type: int), KEY._col2 (type: string), KEY._col3 (type: string), KEY._col4 (type: string), KEY._col5 (type: string), KEY._col6 (type: string), KEY._col7 (type: string), KEY._col8 (type: string), KEY._col9 (type: string)
                mode: mergepartial
                outputColumnNames: _col0, _col1, _col2, _col3, _col4, _col5, _col6, _col7, _col8, _col9, _col10, _col11, _col12, _col13, _col14
                Statistics: Num rows: 1266093454 Data size: 1085042090078 Basic stats: COMPLETE Column stats: COMPLETE
                Reduce Output Operator
                  key expressions: _col0 (type: string), _col1 (type: int), _col2 (type: string), _col3 (type: string), _col4 (type: string), _col5 (type: string), _col6 (type: string), _col7 (type: string), _col8 (type: string), _col9 (type: string)
                  sort order: ++++++++++
                  Statistics: Num rows: 1266093454 Data size: 1085042090078 Basic stats: COMPLETE Column stats: COMPLETE
                  TopN Hash Memory Usage: 0.04
                  value expressions: _col10 (type: bigint), _col11 (type: bigint), _col12 (type: bigint), _col13 (type: bigint), _col14 (type: bigint)
        Reducer 8 
            Execution mode: vectorized, llap
            Reduce Operator Tree:
              Select Operator
                expressions: KEY.reducesinkkey0 (type: string), KEY.reducesinkkey1 (type: int), KEY.reducesinkkey2 (type: string), KEY.reducesinkkey3 (type: string), KEY.reducesinkkey4 (type: string), KEY.reducesinkkey5 (type: string), KEY.reducesinkkey6 (type: string), KEY.reducesinkkey7 (type: string), KEY.reducesinkkey8 (type: string), KEY.reducesinkkey9 (type: string), VALUE._col0 (type: bigint), VALUE._col1 (type: bigint), VALUE._col2 (type: bigint), VALUE._col3 (type: bigint), VALUE._col4 (type: bigint)
                outputColumnNames: _col0, _col1, _col2, _col3, _col4, _col5, _col6, _col7, _col8, _col9, _col10, _col11, _col12, _col13, _col14
                Statistics: Num rows: 1266093454 Data size: 1085042090078 Basic stats: COMPLETE Column stats: COMPLETE
                Limit
                  Number of rows: 100
                  Statistics: Num rows: 100 Data size: 85700 Basic stats: COMPLETE Column stats: COMPLETE
                  File Output Operator
                    compressed: false
                    Statistics: Num rows: 100 Data size: 85700 Basic stats: COMPLETE Column stats: COMPLETE
                    table:
                        input format: org.apache.hadoop.mapred.SequenceFileInputFormat
                        output format: org.apache.hadoop.hive.ql.io.HiveSequenceFileOutputFormat
                        serde: org.apache.hadoop.hive.serde2.lazy.LazySimpleSerDe

  Stage: Stage-0
    Fetch Operator
      limit: 100
      Processor Tree:
        ListSink