STAGE DEPENDENCIES:
  Stage-1 is a root stage
  Stage-0 depends on stages: Stage-1

STAGE PLANS:
  Stage: Stage-1
    Tez
      DagId: hive_20170626025711_2df320c8-02d0-4e14-a177-e5c01382332c:454
      Edges:
        Map 1 <- Map 8 (BROADCAST_EDGE), Map 9 (BROADCAST_EDGE), Reducer 10 (BROADCAST_EDGE)
        Map 13 <- Map 8 (BROADCAST_EDGE), Map 9 (BROADCAST_EDGE), Reducer 11 (BROADCAST_EDGE)
        Map 15 <- Map 8 (BROADCAST_EDGE), Map 9 (BROADCAST_EDGE), Reducer 12 (BROADCAST_EDGE)
        Reducer 10 <- Map 9 (CUSTOM_SIMPLE_EDGE)
        Reducer 11 <- Map 9 (CUSTOM_SIMPLE_EDGE)
        Reducer 12 <- Map 9 (CUSTOM_SIMPLE_EDGE)
        Reducer 14 <- Map 13 (SIMPLE_EDGE), Union 3 (CONTAINS)
        Reducer 16 <- Map 15 (SIMPLE_EDGE), Union 5 (CONTAINS)
        Reducer 2 <- Map 1 (SIMPLE_EDGE), Union 3 (CONTAINS)
        Reducer 4 <- Union 3 (SIMPLE_EDGE), Union 5 (CONTAINS)
        Reducer 6 <- Union 5 (SIMPLE_EDGE)
        Reducer 7 <- Reducer 6 (SIMPLE_EDGE)
      DagName: query87.sql
      Vertices:
        Map 1 
            Map Operator Tree:
                TableScan
                  alias: store_sales
                  filterExpr: (ss_customer_sk is not null and (ss_customer_sk BETWEEN DynamicValue(RS_13_customer_c_customer_sk_min) AND DynamicValue(RS_13_customer_c_customer_sk_max) and in_bloom_filter(ss_customer_sk, DynamicValue(RS_13_customer_c_customer_sk_bloom_filter)))) (type: boolean)
                  Statistics: Num rows: 275035746821 Data size: 4374069582240 Basic stats: COMPLETE Column stats: PARTIAL
                  Filter Operator
                    predicate: (ss_customer_sk is not null and (ss_customer_sk BETWEEN DynamicValue(RS_13_customer_c_customer_sk_min) AND DynamicValue(RS_13_customer_c_customer_sk_max) and in_bloom_filter(ss_customer_sk, DynamicValue(RS_13_customer_c_customer_sk_bloom_filter)))) (type: boolean)
                    Statistics: Num rows: 271722950958 Data size: 4321384068504 Basic stats: COMPLETE Column stats: PARTIAL
                    Select Operator
                      expressions: ss_customer_sk (type: bigint), ss_sold_date_sk (type: bigint)
                      outputColumnNames: _col0, _col1
                      Statistics: Num rows: 271722950958 Data size: 4321384068504 Basic stats: COMPLETE Column stats: PARTIAL
                      Map Join Operator
                        condition map:
                             Inner Join 0 to 1
                        keys:
                          0 _col1 (type: bigint)
                          1 _col0 (type: bigint)
                        outputColumnNames: _col0, _col3
                        input vertices:
                          1 Map 8
                        Statistics: Num rows: 30189372213 Data size: 3079315965726 Basic stats: COMPLETE Column stats: PARTIAL
                        Map Join Operator
                          condition map:
                               Inner Join 0 to 1
                          keys:
                            0 _col0 (type: bigint)
                            1 _col0 (type: bigint)
                          outputColumnNames: _col3, _col6, _col7
                          input vertices:
                            1 Map 9
                          Statistics: Num rows: 74907318 Data size: 20524605132 Basic stats: COMPLETE Column stats: PARTIAL
                          Select Operator
                            expressions: _col7 (type: string), _col6 (type: string), _col3 (type: string)
                            outputColumnNames: _col7, _col6, _col3
                            Statistics: Num rows: 74907318 Data size: 20524605132 Basic stats: COMPLETE Column stats: PARTIAL
                            Group By Operator
                              keys: _col7 (type: string), _col6 (type: string), _col3 (type: string)
                              mode: hash
                              outputColumnNames: _col0, _col1, _col2
                              Statistics: Num rows: 37453659 Data size: 10262302566 Basic stats: COMPLETE Column stats: PARTIAL
                              Reduce Output Operator
                                key expressions: _col0 (type: string), _col1 (type: string), _col2 (type: string)
                                sort order: +++
                                Map-reduce partition columns: _col0 (type: string), _col1 (type: string), _col2 (type: string)
                                Statistics: Num rows: 37453659 Data size: 10262302566 Basic stats: COMPLETE Column stats: PARTIAL
            Execution mode: vectorized, llap
            LLAP IO: all inputs
        Map 13 
            Map Operator Tree:
                TableScan
                  alias: catalog_sales
                  filterExpr: (cs_bill_customer_sk is not null and (cs_bill_customer_sk BETWEEN DynamicValue(RS_39_customer_c_customer_sk_min) AND DynamicValue(RS_39_customer_c_customer_sk_max) and in_bloom_filter(cs_bill_customer_sk, DynamicValue(RS_39_customer_c_customer_sk_bloom_filter)))) (type: boolean)
                  Statistics: Num rows: 143352541321 Data size: 2292211366040 Basic stats: COMPLETE Column stats: PARTIAL
                  Filter Operator
                    predicate: (cs_bill_customer_sk is not null and (cs_bill_customer_sk BETWEEN DynamicValue(RS_39_customer_c_customer_sk_min) AND DynamicValue(RS_39_customer_c_customer_sk_max) and in_bloom_filter(cs_bill_customer_sk, DynamicValue(RS_39_customer_c_customer_sk_bloom_filter)))) (type: boolean)
                    Statistics: Num rows: 143173879433 Data size: 2289354557176 Basic stats: COMPLETE Column stats: PARTIAL
                    Select Operator
                      expressions: cs_bill_customer_sk (type: bigint), cs_sold_date_sk (type: bigint)
                      outputColumnNames: _col0, _col1
                      Statistics: Num rows: 143173879433 Data size: 2289354557176 Basic stats: COMPLETE Column stats: PARTIAL
                      Map Join Operator
                        condition map:
                             Inner Join 0 to 1
                        keys:
                          0 _col1 (type: bigint)
                          1 _col0 (type: bigint)
                        outputColumnNames: _col0, _col3
                        input vertices:
                          1 Map 8
                        Statistics: Num rows: 15907119815 Data size: 1622526221130 Basic stats: COMPLETE Column stats: PARTIAL
                        Map Join Operator
                          condition map:
                               Inner Join 0 to 1
                          keys:
                            0 _col0 (type: bigint)
                            1 _col0 (type: bigint)
                          outputColumnNames: _col3, _col6, _col7
                          input vertices:
                            1 Map 9
                          Statistics: Num rows: 5803743 Data size: 1590225582 Basic stats: COMPLETE Column stats: PARTIAL
                          Select Operator
                            expressions: _col7 (type: string), _col6 (type: string), _col3 (type: string)
                            outputColumnNames: _col7, _col6, _col3
                            Statistics: Num rows: 5803743 Data size: 1590225582 Basic stats: COMPLETE Column stats: PARTIAL
                            Group By Operator
                              keys: _col7 (type: string), _col6 (type: string), _col3 (type: string)
                              mode: hash
                              outputColumnNames: _col0, _col1, _col2
                              Statistics: Num rows: 2901871 Data size: 795112654 Basic stats: COMPLETE Column stats: PARTIAL
                              Reduce Output Operator
                                key expressions: _col0 (type: string), _col1 (type: string), _col2 (type: string)
                                sort order: +++
                                Map-reduce partition columns: _col0 (type: string), _col1 (type: string), _col2 (type: string)
                                Statistics: Num rows: 2901871 Data size: 795112654 Basic stats: COMPLETE Column stats: PARTIAL
            Execution mode: vectorized, llap
            LLAP IO: all inputs
        Map 15 
            Map Operator Tree:
                TableScan
                  alias: web_sales
                  filterExpr: (ws_bill_customer_sk is not null and (ws_bill_customer_sk BETWEEN DynamicValue(RS_78_customer_c_customer_sk_min) AND DynamicValue(RS_78_customer_c_customer_sk_max) and in_bloom_filter(ws_bill_customer_sk, DynamicValue(RS_78_customer_c_customer_sk_bloom_filter)))) (type: boolean)
                  Statistics: Num rows: 71959659800 Data size: 1151318430128 Basic stats: COMPLETE Column stats: COMPLETE
                  Filter Operator
                    predicate: (ws_bill_customer_sk is not null and (ws_bill_customer_sk BETWEEN DynamicValue(RS_78_customer_c_customer_sk_min) AND DynamicValue(RS_78_customer_c_customer_sk_max) and in_bloom_filter(ws_bill_customer_sk, DynamicValue(RS_78_customer_c_customer_sk_bloom_filter)))) (type: boolean)
                    Statistics: Num rows: 71955143965 Data size: 1151246179032 Basic stats: COMPLETE Column stats: COMPLETE
                    Select Operator
                      expressions: ws_bill_customer_sk (type: bigint), ws_sold_date_sk (type: bigint)
                      outputColumnNames: _col0, _col1
                      Statistics: Num rows: 71955143965 Data size: 1151246179032 Basic stats: COMPLETE Column stats: COMPLETE
                      Map Join Operator
                        condition map:
                             Inner Join 0 to 1
                        keys:
                          0 _col1 (type: bigint)
                          1 _col0 (type: bigint)
                        outputColumnNames: _col0, _col3
                        input vertices:
                          1 Map 8
                        Statistics: Num rows: 7994468690 Data size: 815435806380 Basic stats: COMPLETE Column stats: COMPLETE
                        Map Join Operator
                          condition map:
                               Inner Join 0 to 1
                          keys:
                            0 _col0 (type: bigint)
                            1 _col0 (type: bigint)
                          outputColumnNames: _col3, _col6, _col7
                          input vertices:
                            1 Map 9
                          Statistics: Num rows: 17971963 Data size: 4924317862 Basic stats: COMPLETE Column stats: COMPLETE
                          Select Operator
                            expressions: _col7 (type: string), _col6 (type: string), _col3 (type: string)
                            outputColumnNames: _col7, _col6, _col3
                            Statistics: Num rows: 17971963 Data size: 4924317862 Basic stats: COMPLETE Column stats: COMPLETE
                            Group By Operator
                              keys: _col7 (type: string), _col6 (type: string), _col3 (type: string)
                              mode: hash
                              outputColumnNames: _col0, _col1, _col2
                              Statistics: Num rows: 8985981 Data size: 2462158794 Basic stats: COMPLETE Column stats: COMPLETE
                              Reduce Output Operator
                                key expressions: _col0 (type: string), _col1 (type: string), _col2 (type: string)
                                sort order: +++
                                Map-reduce partition columns: _col0 (type: string), _col1 (type: string), _col2 (type: string)
                                Statistics: Num rows: 8985981 Data size: 2462158794 Basic stats: COMPLETE Column stats: COMPLETE
            Execution mode: vectorized, llap
            LLAP IO: all inputs
        Map 8 
            Map Operator Tree:
                TableScan
                  alias: date_dim
                  filterExpr: (d_month_seq BETWEEN 1212 AND 1223 and d_date_sk is not null) (type: boolean)
                  Statistics: Num rows: 73049 Data size: 7743194 Basic stats: COMPLETE Column stats: COMPLETE
                  Filter Operator
                    predicate: (d_month_seq BETWEEN 1212 AND 1223 and d_date_sk is not null) (type: boolean)
                    Statistics: Num rows: 8116 Data size: 860296 Basic stats: COMPLETE Column stats: COMPLETE
                    Select Operator
                      expressions: d_date_sk (type: bigint), d_date (type: string)
                      outputColumnNames: _col0, _col1
                      Statistics: Num rows: 8116 Data size: 860296 Basic stats: COMPLETE Column stats: COMPLETE
                      Reduce Output Operator
                        key expressions: _col0 (type: bigint)
                        sort order: +
                        Map-reduce partition columns: _col0 (type: bigint)
                        Statistics: Num rows: 8116 Data size: 860296 Basic stats: COMPLETE Column stats: COMPLETE
                        value expressions: _col1 (type: string)
                      Select Operator
                        expressions: _col0 (type: bigint)
                        outputColumnNames: _col0
                        Statistics: Num rows: 8116 Data size: 860296 Basic stats: COMPLETE Column stats: COMPLETE
                        Group By Operator
                          keys: _col0 (type: bigint)
                          mode: hash
                          outputColumnNames: _col0
                          Statistics: Num rows: 8116 Data size: 860296 Basic stats: COMPLETE Column stats: COMPLETE
                          Dynamic Partitioning Event Operator
                            Target column: ss_sold_date_sk (bigint)
                            Target Input: store_sales
                            Partition key expr: ss_sold_date_sk
                            Statistics: Num rows: 8116 Data size: 860296 Basic stats: COMPLETE Column stats: COMPLETE
                            Target Vertex: Map 1
                  Filter Operator
                    predicate: (d_month_seq BETWEEN 1212 AND 1223 and d_date_sk is not null) (type: boolean)
                    Statistics: Num rows: 8116 Data size: 860296 Basic stats: COMPLETE Column stats: COMPLETE
                    Select Operator
                      expressions: d_date_sk (type: bigint), d_date (type: string)
                      outputColumnNames: _col0, _col1
                      Statistics: Num rows: 8116 Data size: 860296 Basic stats: COMPLETE Column stats: COMPLETE
                      Reduce Output Operator
                        key expressions: _col0 (type: bigint)
                        sort order: +
                        Map-reduce partition columns: _col0 (type: bigint)
                        Statistics: Num rows: 8116 Data size: 860296 Basic stats: COMPLETE Column stats: COMPLETE
                        value expressions: _col1 (type: string)
                      Select Operator
                        expressions: _col0 (type: bigint)
                        outputColumnNames: _col0
                        Statistics: Num rows: 8116 Data size: 860296 Basic stats: COMPLETE Column stats: COMPLETE
                        Group By Operator
                          keys: _col0 (type: bigint)
                          mode: hash
                          outputColumnNames: _col0
                          Statistics: Num rows: 8116 Data size: 860296 Basic stats: COMPLETE Column stats: COMPLETE
                          Dynamic Partitioning Event Operator
                            Target column: cs_sold_date_sk (bigint)
                            Target Input: catalog_sales
                            Partition key expr: cs_sold_date_sk
                            Statistics: Num rows: 8116 Data size: 860296 Basic stats: COMPLETE Column stats: COMPLETE
                            Target Vertex: Map 13
                  Filter Operator
                    predicate: (d_month_seq BETWEEN 1212 AND 1223 and d_date_sk is not null) (type: boolean)
                    Statistics: Num rows: 8116 Data size: 860296 Basic stats: COMPLETE Column stats: COMPLETE
                    Select Operator
                      expressions: d_date_sk (type: bigint), d_date (type: string)
                      outputColumnNames: _col0, _col1
                      Statistics: Num rows: 8116 Data size: 860296 Basic stats: COMPLETE Column stats: COMPLETE
                      Reduce Output Operator
                        key expressions: _col0 (type: bigint)
                        sort order: +
                        Map-reduce partition columns: _col0 (type: bigint)
                        Statistics: Num rows: 8116 Data size: 860296 Basic stats: COMPLETE Column stats: COMPLETE
                        value expressions: _col1 (type: string)
                      Select Operator
                        expressions: _col0 (type: bigint)
                        outputColumnNames: _col0
                        Statistics: Num rows: 8116 Data size: 860296 Basic stats: COMPLETE Column stats: COMPLETE
                        Group By Operator
                          keys: _col0 (type: bigint)
                          mode: hash
                          outputColumnNames: _col0
                          Statistics: Num rows: 8116 Data size: 860296 Basic stats: COMPLETE Column stats: COMPLETE
                          Dynamic Partitioning Event Operator
                            Target column: ws_sold_date_sk (bigint)
                            Target Input: web_sales
                            Partition key expr: ws_sold_date_sk
                            Statistics: Num rows: 8116 Data size: 860296 Basic stats: COMPLETE Column stats: COMPLETE
                            Target Vertex: Map 15
            Execution mode: vectorized, llap
            LLAP IO: all inputs
        Map 9 
            Map Operator Tree:
                TableScan
                  alias: customer
                  filterExpr: c_customer_sk is not null (type: boolean)
                  Statistics: Num rows: 1000 Data size: 188000 Basic stats: COMPLETE Column stats: COMPLETE
                  Filter Operator
                    predicate: c_customer_sk is not null (type: boolean)
                    Statistics: Num rows: 1000 Data size: 188000 Basic stats: COMPLETE Column stats: COMPLETE
                    Select Operator
                      expressions: c_customer_sk (type: bigint), c_first_name (type: string), c_last_name (type: string)
                      outputColumnNames: _col0, _col1, _col2
                      Statistics: Num rows: 1000 Data size: 188000 Basic stats: COMPLETE Column stats: COMPLETE
                      Reduce Output Operator
                        key expressions: _col0 (type: bigint)
                        sort order: +
                        Map-reduce partition columns: _col0 (type: bigint)
                        Statistics: Num rows: 1000 Data size: 188000 Basic stats: COMPLETE Column stats: COMPLETE
                        value expressions: _col1 (type: string), _col2 (type: string)
                      Select Operator
                        expressions: _col0 (type: bigint)
                        outputColumnNames: _col0
                        Statistics: Num rows: 1000 Data size: 8000 Basic stats: COMPLETE Column stats: COMPLETE
                        Group By Operator
                          aggregations: min(_col0), max(_col0), bloom_filter(_col0, expectedEntries=1000000)
                          mode: hash
                          outputColumnNames: _col0, _col1, _col2
                          Statistics: Num rows: 1 Data size: 24 Basic stats: COMPLETE Column stats: COMPLETE
                          Reduce Output Operator
                            sort order: 
                            Statistics: Num rows: 1 Data size: 24 Basic stats: COMPLETE Column stats: COMPLETE
                            value expressions: _col0 (type: bigint), _col1 (type: bigint), _col2 (type: binary)
                  Filter Operator
                    predicate: c_customer_sk is not null (type: boolean)
                    Statistics: Num rows: 1000 Data size: 188000 Basic stats: COMPLETE Column stats: COMPLETE
                    Select Operator
                      expressions: c_customer_sk (type: bigint), c_first_name (type: string), c_last_name (type: string)
                      outputColumnNames: _col0, _col1, _col2
                      Statistics: Num rows: 1000 Data size: 188000 Basic stats: COMPLETE Column stats: COMPLETE
                      Reduce Output Operator
                        key expressions: _col0 (type: bigint)
                        sort order: +
                        Map-reduce partition columns: _col0 (type: bigint)
                        Statistics: Num rows: 1000 Data size: 188000 Basic stats: COMPLETE Column stats: COMPLETE
                        value expressions: _col1 (type: string), _col2 (type: string)
                      Select Operator
                        expressions: _col0 (type: bigint)
                        outputColumnNames: _col0
                        Statistics: Num rows: 1000 Data size: 8000 Basic stats: COMPLETE Column stats: COMPLETE
                        Group By Operator
                          aggregations: min(_col0), max(_col0), bloom_filter(_col0, expectedEntries=1000000)
                          mode: hash
                          outputColumnNames: _col0, _col1, _col2
                          Statistics: Num rows: 1 Data size: 24 Basic stats: COMPLETE Column stats: COMPLETE
                          Reduce Output Operator
                            sort order: 
                            Statistics: Num rows: 1 Data size: 24 Basic stats: COMPLETE Column stats: COMPLETE
                            value expressions: _col0 (type: bigint), _col1 (type: bigint), _col2 (type: binary)
                  Filter Operator
                    predicate: c_customer_sk is not null (type: boolean)
                    Statistics: Num rows: 1000 Data size: 188000 Basic stats: COMPLETE Column stats: COMPLETE
                    Select Operator
                      expressions: c_customer_sk (type: bigint), c_first_name (type: string), c_last_name (type: string)
                      outputColumnNames: _col0, _col1, _col2
                      Statistics: Num rows: 1000 Data size: 188000 Basic stats: COMPLETE Column stats: COMPLETE
                      Reduce Output Operator
                        key expressions: _col0 (type: bigint)
                        sort order: +
                        Map-reduce partition columns: _col0 (type: bigint)
                        Statistics: Num rows: 1000 Data size: 188000 Basic stats: COMPLETE Column stats: COMPLETE
                        value expressions: _col1 (type: string), _col2 (type: string)
                      Select Operator
                        expressions: _col0 (type: bigint)
                        outputColumnNames: _col0
                        Statistics: Num rows: 1000 Data size: 8000 Basic stats: COMPLETE Column stats: COMPLETE
                        Group By Operator
                          aggregations: min(_col0), max(_col0), bloom_filter(_col0, expectedEntries=1000000)
                          mode: hash
                          outputColumnNames: _col0, _col1, _col2
                          Statistics: Num rows: 1 Data size: 24 Basic stats: COMPLETE Column stats: COMPLETE
                          Reduce Output Operator
                            sort order: 
                            Statistics: Num rows: 1 Data size: 24 Basic stats: COMPLETE Column stats: COMPLETE
                            value expressions: _col0 (type: bigint), _col1 (type: bigint), _col2 (type: binary)
            Execution mode: vectorized, llap
            LLAP IO: all inputs
        Reducer 10 
            Execution mode: vectorized, llap
            Reduce Operator Tree:
              Group By Operator
                aggregations: min(VALUE._col0), max(VALUE._col1), bloom_filter(VALUE._col2, expectedEntries=1000000)
                mode: final
                outputColumnNames: _col0, _col1, _col2
                Statistics: Num rows: 1 Data size: 24 Basic stats: COMPLETE Column stats: COMPLETE
                Reduce Output Operator
                  sort order: 
                  Statistics: Num rows: 1 Data size: 24 Basic stats: COMPLETE Column stats: COMPLETE
                  value expressions: _col0 (type: bigint), _col1 (type: bigint), _col2 (type: binary)
        Reducer 11 
            Execution mode: vectorized, llap
            Reduce Operator Tree:
              Group By Operator
                aggregations: min(VALUE._col0), max(VALUE._col1), bloom_filter(VALUE._col2, expectedEntries=1000000)
                mode: final
                outputColumnNames: _col0, _col1, _col2
                Statistics: Num rows: 1 Data size: 24 Basic stats: COMPLETE Column stats: COMPLETE
                Reduce Output Operator
                  sort order: 
                  Statistics: Num rows: 1 Data size: 24 Basic stats: COMPLETE Column stats: COMPLETE
                  value expressions: _col0 (type: bigint), _col1 (type: bigint), _col2 (type: binary)
        Reducer 12 
            Execution mode: vectorized, llap
            Reduce Operator Tree:
              Group By Operator
                aggregations: min(VALUE._col0), max(VALUE._col1), bloom_filter(VALUE._col2, expectedEntries=1000000)
                mode: final
                outputColumnNames: _col0, _col1, _col2
                Statistics: Num rows: 1 Data size: 24 Basic stats: COMPLETE Column stats: COMPLETE
                Reduce Output Operator
                  sort order: 
                  Statistics: Num rows: 1 Data size: 24 Basic stats: COMPLETE Column stats: COMPLETE
                  value expressions: _col0 (type: bigint), _col1 (type: bigint), _col2 (type: binary)
        Reducer 14 
            Execution mode: vectorized, llap
            Reduce Operator Tree:
              Group By Operator
                keys: KEY._col0 (type: string), KEY._col1 (type: string), KEY._col2 (type: string)
                mode: mergepartial
                outputColumnNames: _col0, _col1, _col2
                Statistics: Num rows: 2370480 Data size: 649511520 Basic stats: COMPLETE Column stats: PARTIAL
                Group By Operator
                  aggregations: count(1)
                  keys: _col0 (type: string), _col1 (type: string), _col2 (type: string)
                  mode: complete
                  outputColumnNames: _col0, _col1, _col2, _col3
                  Statistics: Num rows: 2370480 Data size: 668475360 Basic stats: COMPLETE Column stats: PARTIAL
                  Select Operator
                    expressions: _col0 (type: string), _col1 (type: string), _col2 (type: string), 1 (type: bigint), _col3 (type: bigint)
                    outputColumnNames: _col0, _col1, _col2, _col3, _col4
                    Statistics: Num rows: 2370480 Data size: 687439200 Basic stats: COMPLETE Column stats: PARTIAL
                    Select Operator
                      expressions: _col0 (type: string), _col1 (type: string), _col2 (type: string), _col4 (type: bigint), (_col3 * _col4) (type: bigint)
                      outputColumnNames: _col0, _col1, _col2, _col3, _col4
                      Statistics: Num rows: 17778600 Data size: 5155794000 Basic stats: COMPLETE Column stats: PARTIAL
                      Group By Operator
                        aggregations: sum(_col3), sum(_col4)
                        keys: _col0 (type: string), _col1 (type: string), _col2 (type: string)
                        mode: hash
                        outputColumnNames: _col0, _col1, _col2, _col3, _col4
                        Statistics: Num rows: 17778600 Data size: 5155794000 Basic stats: COMPLETE Column stats: PARTIAL
                        Reduce Output Operator
                          key expressions: _col0 (type: string), _col1 (type: string), _col2 (type: string)
                          sort order: +++
                          Map-reduce partition columns: _col0 (type: string), _col1 (type: string), _col2 (type: string)
                          Statistics: Num rows: 17778600 Data size: 5155794000 Basic stats: COMPLETE Column stats: PARTIAL
                          value expressions: _col3 (type: bigint), _col4 (type: bigint)
        Reducer 16 
            Execution mode: vectorized, llap
            Reduce Operator Tree:
              Group By Operator
                keys: KEY._col0 (type: string), KEY._col1 (type: string), KEY._col2 (type: string)
                mode: mergepartial
                outputColumnNames: _col0, _col1, _col2
                Statistics: Num rows: 8985981 Data size: 2462158794 Basic stats: COMPLETE Column stats: COMPLETE
                Group By Operator
                  aggregations: count(1)
                  keys: _col0 (type: string), _col1 (type: string), _col2 (type: string)
                  mode: complete
                  outputColumnNames: _col0, _col1, _col2, _col3
                  Statistics: Num rows: 8985981 Data size: 2534046642 Basic stats: COMPLETE Column stats: COMPLETE
                  Select Operator
                    expressions: _col0 (type: string), _col1 (type: string), _col2 (type: string), 1 (type: bigint), _col3 (type: bigint)
                    outputColumnNames: _col0, _col1, _col2, _col3, _col4
                    Statistics: Num rows: 8985981 Data size: 2605934490 Basic stats: COMPLETE Column stats: COMPLETE
                    Select Operator
                      expressions: _col0 (type: string), _col1 (type: string), _col2 (type: string), _col4 (type: bigint), (_col3 * _col4) (type: bigint)
                      outputColumnNames: _col0, _col1, _col2, _col3, _col4
                      Statistics: Num rows: 9068431 Data size: 2629844990 Basic stats: COMPLETE Column stats: PARTIAL
                      Group By Operator
                        aggregations: sum(_col3), sum(_col4)
                        keys: _col0 (type: string), _col1 (type: string), _col2 (type: string)
                        mode: hash
                        outputColumnNames: _col0, _col1, _col2, _col3, _col4
                        Statistics: Num rows: 9068431 Data size: 2629844990 Basic stats: COMPLETE Column stats: PARTIAL
                        Reduce Output Operator
                          key expressions: _col0 (type: string), _col1 (type: string), _col2 (type: string)
                          sort order: +++
                          Map-reduce partition columns: _col0 (type: string), _col1 (type: string), _col2 (type: string)
                          Statistics: Num rows: 9068431 Data size: 2629844990 Basic stats: COMPLETE Column stats: PARTIAL
                          value expressions: _col3 (type: bigint), _col4 (type: bigint)
        Reducer 2 
            Execution mode: vectorized, llap
            Reduce Operator Tree:
              Group By Operator
                keys: KEY._col0 (type: string), KEY._col1 (type: string), KEY._col2 (type: string)
                mode: mergepartial
                outputColumnNames: _col0, _col1, _col2
                Statistics: Num rows: 15408120 Data size: 4221824880 Basic stats: COMPLETE Column stats: PARTIAL
                Group By Operator
                  aggregations: count(2)
                  keys: _col0 (type: string), _col1 (type: string), _col2 (type: string)
                  mode: complete
                  outputColumnNames: _col0, _col1, _col2, _col3
                  Statistics: Num rows: 15408120 Data size: 4345089840 Basic stats: COMPLETE Column stats: PARTIAL
                  Select Operator
                    expressions: _col0 (type: string), _col1 (type: string), _col2 (type: string), 2 (type: bigint), _col3 (type: bigint)
                    outputColumnNames: _col0, _col1, _col2, _col3, _col4
                    Statistics: Num rows: 15408120 Data size: 4468354800 Basic stats: COMPLETE Column stats: PARTIAL
                    Select Operator
                      expressions: _col0 (type: string), _col1 (type: string), _col2 (type: string), _col4 (type: bigint), (_col3 * _col4) (type: bigint)
                      outputColumnNames: _col0, _col1, _col2, _col3, _col4
                      Statistics: Num rows: 17778600 Data size: 5155794000 Basic stats: COMPLETE Column stats: PARTIAL
                      Group By Operator
                        aggregations: sum(_col3), sum(_col4)
                        keys: _col0 (type: string), _col1 (type: string), _col2 (type: string)
                        mode: hash
                        outputColumnNames: _col0, _col1, _col2, _col3, _col4
                        Statistics: Num rows: 17778600 Data size: 5155794000 Basic stats: COMPLETE Column stats: PARTIAL
                        Reduce Output Operator
                          key expressions: _col0 (type: string), _col1 (type: string), _col2 (type: string)
                          sort order: +++
                          Map-reduce partition columns: _col0 (type: string), _col1 (type: string), _col2 (type: string)
                          Statistics: Num rows: 17778600 Data size: 5155794000 Basic stats: COMPLETE Column stats: PARTIAL
                          value expressions: _col3 (type: bigint), _col4 (type: bigint)
        Reducer 4 
            Execution mode: vectorized, llap
            Reduce Operator Tree:
              Group By Operator
                aggregations: sum(VALUE._col0), sum(VALUE._col1)
                keys: KEY._col0 (type: string), KEY._col1 (type: string), KEY._col2 (type: string)
                mode: mergepartial
                outputColumnNames: _col0, _col1, _col2, _col3, _col4
                Statistics: Num rows: 15408120 Data size: 4468354800 Basic stats: COMPLETE Column stats: PARTIAL
                Filter Operator
                  predicate: ((_col3 > 0) and ((_col3 * 2) = _col4)) (type: boolean)
                  Statistics: Num rows: 2568020 Data size: 744725800 Basic stats: COMPLETE Column stats: PARTIAL
                  Select Operator
                    expressions: _col0 (type: string), _col1 (type: string), _col2 (type: string)
                    outputColumnNames: _col0, _col1, _col2
                    Statistics: Num rows: 2568020 Data size: 744725800 Basic stats: COMPLETE Column stats: PARTIAL
                    Group By Operator
                      aggregations: count(2)
                      keys: _col0 (type: string), _col1 (type: string), _col2 (type: string)
                      mode: complete
                      outputColumnNames: _col0, _col1, _col2, _col3
                      Statistics: Num rows: 82450 Data size: 23250900 Basic stats: COMPLETE Column stats: PARTIAL
                      Select Operator
                        expressions: _col0 (type: string), _col1 (type: string), _col2 (type: string), 2 (type: bigint), _col3 (type: bigint)
                        outputColumnNames: _col0, _col1, _col2, _col3, _col4
                        Statistics: Num rows: 82450 Data size: 23910500 Basic stats: COMPLETE Column stats: PARTIAL
                        Select Operator
                          expressions: _col0 (type: string), _col1 (type: string), _col2 (type: string), _col4 (type: bigint), (_col3 * _col4) (type: bigint)
                          outputColumnNames: _col0, _col1, _col2, _col3, _col4
                          Statistics: Num rows: 9068431 Data size: 2629844990 Basic stats: COMPLETE Column stats: PARTIAL
                          Group By Operator
                            aggregations: sum(_col3), sum(_col4)
                            keys: _col0 (type: string), _col1 (type: string), _col2 (type: string)
                            mode: hash
                            outputColumnNames: _col0, _col1, _col2, _col3, _col4
                            Statistics: Num rows: 9068431 Data size: 2629844990 Basic stats: COMPLETE Column stats: PARTIAL
                            Reduce Output Operator
                              key expressions: _col0 (type: string), _col1 (type: string), _col2 (type: string)
                              sort order: +++
                              Map-reduce partition columns: _col0 (type: string), _col1 (type: string), _col2 (type: string)
                              Statistics: Num rows: 9068431 Data size: 2629844990 Basic stats: COMPLETE Column stats: PARTIAL
                              value expressions: _col3 (type: bigint), _col4 (type: bigint)
        Reducer 6 
            Execution mode: vectorized, llap
            Reduce Operator Tree:
              Group By Operator
                aggregations: sum(VALUE._col0), sum(VALUE._col1)
                keys: KEY._col0 (type: string), KEY._col1 (type: string), KEY._col2 (type: string)
                mode: mergepartial
                outputColumnNames: _col0, _col1, _col2, _col3, _col4
                Statistics: Num rows: 9068431 Data size: 2629844990 Basic stats: COMPLETE Column stats: PARTIAL
                Select Operator
                  expressions: _col3 (type: bigint), _col4 (type: bigint)
                  outputColumnNames: _col3, _col4
                  Statistics: Num rows: 9068431 Data size: 145094896 Basic stats: COMPLETE Column stats: PARTIAL
                  Filter Operator
                    predicate: ((_col3 > 0) and ((_col3 * 2) = _col4)) (type: boolean)
                    Statistics: Num rows: 1511405 Data size: 24182480 Basic stats: COMPLETE Column stats: PARTIAL
                    Select Operator
                      Statistics: Num rows: 1511405 Data size: 24182480 Basic stats: COMPLETE Column stats: PARTIAL
                      Group By Operator
                        aggregations: count()
                        mode: hash
                        outputColumnNames: _col0
                        Statistics: Num rows: 1 Data size: 8 Basic stats: COMPLETE Column stats: PARTIAL
                        Reduce Output Operator
                          sort order: 
                          Statistics: Num rows: 1 Data size: 8 Basic stats: COMPLETE Column stats: PARTIAL
                          value expressions: _col0 (type: bigint)
        Reducer 7 
            Execution mode: vectorized, llap
            Reduce Operator Tree:
              Group By Operator
                aggregations: count(VALUE._col0)
                mode: mergepartial
                outputColumnNames: _col0
                Statistics: Num rows: 1 Data size: 8 Basic stats: COMPLETE Column stats: PARTIAL
                File Output Operator
                  compressed: false
                  Statistics: Num rows: 1 Data size: 8 Basic stats: COMPLETE Column stats: PARTIAL
                  table:
                      input format: org.apache.hadoop.mapred.SequenceFileInputFormat
                      output format: org.apache.hadoop.hive.ql.io.HiveSequenceFileOutputFormat
                      serde: org.apache.hadoop.hive.serde2.lazy.LazySimpleSerDe
        Union 3 
            Vertex: Union 3
        Union 5 
            Vertex: Union 5

  Stage: Stage-0
    Fetch Operator
      limit: -1
      Processor Tree:
        ListSink